\BOOKMARK [0][-]{chapter*.1}{Abstract}{}% 1
\BOOKMARK [0][-]{chapter*.2}{Resum\351}{}% 2
\BOOKMARK [0][-]{chapter*.3}{Acknowledgments}{}% 3
\BOOKMARK [0][-]{chapter.1}{Introduction}{}% 4
\BOOKMARK [1][-]{section.1.1}{Introduction}{chapter.1}% 5
\BOOKMARK [1][-]{section.1.2}{Motivation}{chapter.1}% 6
\BOOKMARK [1][-]{section.1.3}{Contribution}{chapter.1}% 7
\BOOKMARK [1][-]{section.1.4}{Thesis overview}{chapter.1}% 8
\BOOKMARK [0][-]{chapter.2}{Related work}{}% 9
\BOOKMARK [0][-]{chapter.3}{Workshops}{}% 10
\BOOKMARK [1][-]{section.3.1}{Workshop approach}{chapter.3}% 11
\BOOKMARK [2][-]{subsection.3.1.1}{Fictional space}{section.3.1}% 12
\BOOKMARK [2][-]{subsection.3.1.2}{Inspiration cards}{section.3.1}% 13
\BOOKMARK [2][-]{subsection.3.1.3}{Props}{section.3.1}% 14
\BOOKMARK [2][-]{subsection.3.1.4}{Workshop introduction}{section.3.1}% 15
\BOOKMARK [1][-]{section.3.2}{Workshop I}{chapter.3}% 16
\BOOKMARK [2][-]{subsection.3.2.1}{Discussion}{section.3.2}% 17
\BOOKMARK [1][-]{section.3.3}{Workshop II}{chapter.3}% 18
\BOOKMARK [2][-]{subsection.3.3.1}{Discussion}{section.3.3}% 19
\BOOKMARK [1][-]{section.3.4}{Discussion}{chapter.3}% 20
\BOOKMARK [0][-]{chapter.4}{User Interfaces}{}% 21
\BOOKMARK [1][-]{section.4.1}{Materiality}{chapter.4}% 22
\BOOKMARK [0][-]{chapter.5}{Conclusion}{}% 23
\BOOKMARK [0][-]{Appendix.a.A}{Appendix Workshops}{}% 24
\BOOKMARK [1][-]{section.a.A.1}{Workshop I}{Appendix.a.A}% 25
\BOOKMARK [1][-]{section.a.A.2}{Workshop II}{Appendix.a.A}% 26
\BOOKMARK [0][-]{section.a.A.2}{Primary Bibliography}{}% 27
